# Rohan Kapoor - Daily Activity Log
# Generated: 2026-03-07 16:00:00 America/Denver

## Summary
Total Commits: 3
Repository: rohankapoor161/k8s-guardian
Branch: main

---

### Commit 1: docs: add clarifying comment on coverage rounding strategy
**Hash:** ce30aa5
**Time:** ~15:30 local time
**Files:** .codecov.yml
**Impact:** Configuration documentation - explains coverage rounding strategy

### Commit 2: chore: add TODO/FIXME comments to Makefile
**Hash:** d0d3f4c
**Time:** ~15:45 local time
**Files:** Makefile
**Impact:** Development documentation - notes planned lint target and known issues

### Commit 3: feat(scripts): add resource usage report generator
**Hash:** 9c36490
**Time:** ~16:00 local time
**Files:** scripts/utils/resource-report.sh
**Impact:** Operational utility - resource utilization reporting for capacity planning

---

## Activity Distribution
- Documentation: 2 commits (67%)
- Operational scripts: 1 commit (33%)
- Core code changes: 0 (as per VP Ops constraints)

## Notes
All changes are safe, non-breaking documentation and utility additions.
No core trading/guarding logic modified.

Previous activity preserved below...

---

# Rohan Kapoor - Daily Activity Log
# Generated: 2026-03-06 16:00:00 America/Denver

## Summary
Total Commits: 3
Repository: rohankapoor161/k8s-guardian
Branch: main

---

### Commit 1: docs: add March 6 engineering sync notes
**Hash:** 1ab277a
**Time:** ~14:30 local time
**Files:** docs/meeting-notes/2026-03-06-engineering-sync.md
**Impact:** Documentation only - adds meeting notes covering Q1 roadmap

### Commit 2: docs: add clarifying comments and TODO to metrics design  
**Hash:** 0febc8c
**Time:** ~15:45 local time
**Files:** docs/metrics-design.md
**Impact:** Documentation only - adds TODO markers and clarification comments

### Commit 3: ops: add log analyzer utility script
**Hash:** 80553d4
**Time:** ~16:00 local time
**Files:** scripts/utils/log-analyzer.sh
**Impact:** Operational utility - log parsing script for platform engineering

---

## Activity Distribution
- Documentation: 2 commits (67%)
- Operational scripts: 1 commit (33%)
- Core code changes: 0 (as per VP Ops constraints)

## Notes
All changes are safe, non-breaking documentation and utility additions.
No core trading/guarding logic modified.
